<?xml version="1.0" encoding="UTF-8"?>
<!-- Generated by org.testng.reporters.JUnitReportReporter -->
<testsuite skipped="0" hostname="Guest298" name="driverscript.DriverClass" tests="6" failures="0" timestamp="14 Mar 2019 09:56:00 GMT" time="258.063" errors="0">
  <testcase name="Safari" time="0.009" classname="driverscript.DriverClass"/>
  <testcase name="iOS" time="0.006" classname="driverscript.DriverClass"/>
  <testcase name="Firefox" time="0.076" classname="driverscript.DriverClass"/>
  <testcase name="Chrome" time="257.822" classname="driverscript.DriverClass"/>
  <testcase name="Android" time="0.075" classname="driverscript.DriverClass"/>
  <testcase name="IE" time="0.075" classname="driverscript.DriverClass"/>
</testsuite> <!-- driverscript.DriverClass -->
